[debug] [2024-01-01T17:59:25.938Z] ----------------------------------------------------------------------
[debug] [2024-01-01T17:59:25.940Z] Command:       /usr/local/bin/node /usr/local/bin/firebase init
[debug] [2024-01-01T17:59:25.940Z] CLI Version:   13.0.2
[debug] [2024-01-01T17:59:25.940Z] Platform:      darwin
[debug] [2024-01-01T17:59:25.940Z] Node Version:  v20.10.0
[debug] [2024-01-01T17:59:25.940Z] Time:          Tue Jan 02 2024 02:59:25 GMT+0900 (GMT+09:00)
[debug] [2024-01-01T17:59:25.940Z] ----------------------------------------------------------------------
[debug] 
[debug] [2024-01-01T17:59:25.942Z] > command requires scopes: ["email","openid","https://www.googleapis.com/auth/cloudplatformprojects.readonly","https://www.googleapis.com/auth/firebase","https://www.googleapis.com/auth/cloud-platform"]
[debug] [2024-01-01T17:59:25.943Z] > authorizing via signed-in user (attainy00@gmail.com)
[info] 
     ######## #### ########  ######## ########     ###     ######  ########
     ##        ##  ##     ## ##       ##     ##  ##   ##  ##       ##
     ######    ##  ########  ######   ########  #########  ######  ######
     ##        ##  ##    ##  ##       ##     ## ##     ##       ## ##
     ##       #### ##     ## ######## ########  ##     ##  ######  ########

You're about to initialize a Firebase project in this directory:

  /Users/berry/Desktop/슈퍼코딩/사전주차/react--word-search/react--word-search

[info] 
=== Project Setup
[info] 
[info] First, let's associate this project directory with a Firebase project.
[info] You can create multiple project aliases by running firebase use --add, 
[info] but for now we'll just set up a default project.
[info] 
[debug] [2024-01-01T17:59:31.309Z] >>> [apiv2][query] GET https://firebase.googleapis.com/v1beta1/projects pageSize=100
[debug] [2024-01-01T17:59:32.157Z] <<< [apiv2][status] GET https://firebase.googleapis.com/v1beta1/projects 200
[debug] [2024-01-01T17:59:32.157Z] <<< [apiv2][body] GET https://firebase.googleapis.com/v1beta1/projects [omitted]
[info] i  Using project word-search-react-c62c2 (word-search-react) 
[info] 
=== Hosting Setup
[debug] [2024-01-01T17:59:33.790Z] >>> [apiv2][query] GET https://firebase.googleapis.com/v1beta1/projects/word-search-react-c62c2 [none]
[debug] [2024-01-01T17:59:34.090Z] <<< [apiv2][status] GET https://firebase.googleapis.com/v1beta1/projects/word-search-react-c62c2 200
[debug] [2024-01-01T17:59:34.091Z] <<< [apiv2][body] GET https://firebase.googleapis.com/v1beta1/projects/word-search-react-c62c2 {"projectId":"word-search-react-c62c2","projectNumber":"773824310925","displayName":"word-search-react","name":"projects/word-search-react-c62c2","resources":{"hostingSite":"word-search-react-c62c2"},"state":"ACTIVE","etag":"1_f46577bb-986d-4772-a61c-e1028b4bd0d6"}
[info] 
[info] Your public directory is the folder (relative to your project directory) that
[info] will contain Hosting assets to be uploaded with firebase deploy. If you
[info] have a build process for your assets, use your build's output directory.
[info] 
